<?xml version="1.0" encoding="UTF-8"?>
<testng-results ignored="0" total="1" passed="1" failed="0" skipped="0">
  <reporter-output>
  </reporter-output>
  <suite started-at="2020-09-08T09:52:59Z" name="Default suite" finished-at="2020-09-08T09:53:55Z" duration-ms="55794">
    <groups>
    </groups>
    <test started-at="2020-09-08T09:52:59Z" name="Default test" finished-at="2020-09-08T09:53:55Z" duration-ms="55794">
      <class name="automation.NewTest">
        <test-method signature="orderflowAsGuest()[pri:0, instance:automation.NewTest@4dbb42b7]" started-at="2020-09-08T14:52:59Z" name="orderflowAsGuest" finished-at="2020-09-08T14:53:55Z" duration-ms="55758" status="PASS">
          <reporter-output>
          </reporter-output>
        </test-method> <!-- orderflowAsGuest -->
      </class> <!-- automation.NewTest -->
    </test> <!-- Default test -->
  </suite> <!-- Default suite -->
</testng-results>
